<?xml version="1.0" encoding="UTF-8"?>
<testsuite name="com.example.demo.EmployeeProjectApplicationTests" tests="1" skipped="0" failures="0" errors="0" timestamp="2024-06-15T04:32:39" hostname="LAPTOP-TA76DARU" time="0.023">
  <properties/>
  <testcase name="contextLoads()" classname="com.example.demo.EmployeeProjectApplicationTests" time="0.023"/>
  <system-out><![CDATA[2024-06-15 10:02:35.716  INFO 15156 --- [    Test worker] .b.t.c.SpringBootTestContextBootstrapper : Neither @ContextConfiguration nor @ContextHierarchy found for test class [com.example.demo.EmployeeProjectApplicationTests], using SpringBootContextLoader
2024-06-15 10:02:35.718  INFO 15156 --- [    Test worker] o.s.t.c.support.AbstractContextLoader    : Could not detect default resource locations for test class [com.example.demo.EmployeeProjectApplicationTests]: no resource found for suffixes {-context.xml, Context.groovy}.
2024-06-15 10:02:35.718  INFO 15156 --- [    Test worker] t.c.s.AnnotationConfigContextLoaderUtils : Could not detect default configuration classes for test class [com.example.demo.EmployeeProjectApplicationTests]: EmployeeProjectApplicationTests does not declare any static, non-private, non-final, nested classes annotated with @Configuration.
2024-06-15 10:02:35.726  INFO 15156 --- [    Test worker] .b.t.c.SpringBootTestContextBootstrapper : Found @SpringBootConfiguration com.example.demo.EmployeeProjectApplication for test class com.example.demo.EmployeeProjectApplicationTests
2024-06-15 10:02:35.733  INFO 15156 --- [    Test worker] .b.t.c.SpringBootTestContextBootstrapper : Loaded default TestExecutionListener class names from location [META-INF/spring.factories]: [org.springframework.boot.test.autoconfigure.restdocs.RestDocsTestExecutionListener, org.springframework.boot.test.autoconfigure.web.client.MockRestServiceServerResetTestExecutionListener, org.springframework.boot.test.autoconfigure.web.servlet.MockMvcPrintOnlyOnFailureTestExecutionListener, org.springframework.boot.test.autoconfigure.web.servlet.WebDriverTestExecutionListener, org.springframework.boot.test.autoconfigure.webservices.client.MockWebServiceServerTestExecutionListener, org.springframework.boot.test.mock.mockito.MockitoTestExecutionListener, org.springframework.boot.test.mock.mockito.ResetMocksTestExecutionListener, org.springframework.test.context.web.ServletTestExecutionListener, org.springframework.test.context.support.DirtiesContextBeforeModesTestExecutionListener, org.springframework.test.context.event.ApplicationEventsTestExecutionListener, org.springframework.test.context.support.DependencyInjectionTestExecutionListener, org.springframework.test.context.support.DirtiesContextTestExecutionListener, org.springframework.test.context.transaction.TransactionalTestExecutionListener, org.springframework.test.context.jdbc.SqlScriptsTestExecutionListener, org.springframework.test.context.event.EventPublishingTestExecutionListener]
2024-06-15 10:02:35.733  INFO 15156 --- [    Test worker] .b.t.c.SpringBootTestContextBootstrapper : Using TestExecutionListeners: [org.springframework.test.context.web.ServletTestExecutionListener@2baf72d5, org.springframework.test.context.support.DirtiesContextBeforeModesTestExecutionListener@66756662, org.springframework.test.context.event.ApplicationEventsTestExecutionListener@5d14e99e, org.springframework.boot.test.mock.mockito.MockitoTestExecutionListener@38cfecf3, org.springframework.boot.test.autoconfigure.SpringBootDependencyInjectionTestExecutionListener@682618e5, org.springframework.test.context.support.DirtiesContextTestExecutionListener@25ad25f5, org.springframework.test.context.transaction.TransactionalTestExecutionListener@5f0f70c7, org.springframework.test.context.jdbc.SqlScriptsTestExecutionListener@1860a7a1, org.springframework.test.context.event.EventPublishingTestExecutionListener@40d96578, org.springframework.boot.test.autoconfigure.restdocs.RestDocsTestExecutionListener@c97721b, org.springframework.boot.test.autoconfigure.web.client.MockRestServiceServerResetTestExecutionListener@283ab206, org.springframework.boot.test.autoconfigure.web.servlet.MockMvcPrintOnlyOnFailureTestExecutionListener@35fa450f, org.springframework.boot.test.autoconfigure.web.servlet.WebDriverTestExecutionListener@3e03046d, org.springframework.boot.test.autoconfigure.webservices.client.MockWebServiceServerTestExecutionListener@9b3be1c, org.springframework.boot.test.mock.mockito.ResetMocksTestExecutionListener@74e497ae]

  .   ____          _            __ _ _
 /\\ / ___'_ __ _ _(_)_ __  __ _ \ \ \ \
( ( )\___ | '_ | '_| | '_ \/ _` | \ \ \ \
 \\/  ___)| |_)| | | | | || (_| |  ) ) ) )
  '  |____| .__|_| |_|_| |_\__, | / / / /
 =========|_|==============|___/=/_/_/_/
 :: Spring Boot ::                (v2.7.5)

2024-06-15 10:02:35.778  INFO 15156 --- [    Test worker] c.e.d.EmployeeProjectApplicationTests    : Starting EmployeeProjectApplicationTests using Java 17.0.4 on LAPTOP-TA76DARU with PID 15156 (started by viren in C:\Users\viren\OneDrive\Desktop\Demo\Employee-Project)
2024-06-15 10:02:35.779  INFO 15156 --- [    Test worker] c.e.d.EmployeeProjectApplicationTests    : No active profile set, falling back to 1 default profile: "default"
2024-06-15 10:02:36.084  INFO 15156 --- [    Test worker] .s.d.r.c.RepositoryConfigurationDelegate : Bootstrapping Spring Data JPA repositories in DEFAULT mode.
2024-06-15 10:02:36.142  INFO 15156 --- [    Test worker] .s.d.r.c.RepositoryConfigurationDelegate : Finished Spring Data repository scanning in 49 ms. Found 2 JPA repository interfaces.
2024-06-15 10:02:36.606  INFO 15156 --- [    Test worker] o.hibernate.jpa.internal.util.LogHelper  : HHH000204: Processing PersistenceUnitInfo [name: default]
2024-06-15 10:02:36.670  INFO 15156 --- [    Test worker] org.hibernate.Version                    : HHH000412: Hibernate ORM core version 5.6.12.Final
2024-06-15 10:02:36.723  INFO 15156 --- [    Test worker] o.hibernate.annotations.common.Version   : HCANN000001: Hibernate Commons Annotations {5.1.2.Final}
2024-06-15 10:02:36.880  INFO 15156 --- [    Test worker] com.zaxxer.hikari.HikariDataSource       : HikariPool-1 - Starting...
2024-06-15 10:02:37.314  INFO 15156 --- [    Test worker] com.zaxxer.hikari.HikariDataSource       : HikariPool-1 - Start completed.
2024-06-15 10:02:37.334  INFO 15156 --- [    Test worker] org.hibernate.dialect.Dialect            : HHH000400: Using dialect: org.hibernate.dialect.MySQL8Dialect
2024-06-15 10:02:37.991  INFO 15156 --- [    Test worker] o.h.e.t.j.p.i.JtaPlatformInitiator       : HHH000490: Using JtaPlatform implementation: [org.hibernate.engine.transaction.jta.platform.internal.NoJtaPlatform]
2024-06-15 10:02:38.005  INFO 15156 --- [    Test worker] j.LocalContainerEntityManagerFactoryBean : Initialized JPA EntityManagerFactory for persistence unit 'default'
2024-06-15 10:02:38.749  WARN 15156 --- [    Test worker] JpaBaseConfiguration$JpaWebConfiguration : spring.jpa.open-in-view is enabled by default. Therefore, database queries may be performed during view rendering. Explicitly configure spring.jpa.open-in-view to disable this warning
2024-06-15 10:02:39.475  INFO 15156 --- [    Test worker] c.e.d.EmployeeProjectApplicationTests    : Started EmployeeProjectApplicationTests in 3.738 seconds (JVM running for 7.54)
]]></system-out>
  <system-err><![CDATA[]]></system-err>
</testsuite>
